[7oroof.com/tfdemos/trevox/home-creative/index.html]
[backblue.gif]
[fade.gif]
[index.html]
[7oroof.com/tfdemos/trevox/wp-content/plugins/contact-form-7/includes/css/styles7404.css]
[7oroof.com/tfdemos/trevox/wp-content/plugins/woo-smart-quick-view/assets/libs/slick/slick380f.css]
[7oroof.com/tfdemos/trevox/wp-content/plugins/elementor/assets/lib/font-awesome/css/font-awesome1849.css]
[7oroof.com/tfdemos/trevox/wp-content/plugins/woo-smart-quick-view/assets/libs/perfect-scrollbar/css/perfect-scrollbar.min380f.css]
[7oroof.com/tfdemos/trevox/wp-content/plugins/woo-smart-quick-view/assets/libs/perfect-scrollbar/css/custom-theme380f.css]
[7oroof.com/tfdemos/trevox/wp-content/plugins/woo-smart-quick-view/assets/libs/magnific-popup/magnific-popup380f.css]
[7oroof.com/tfdemos/trevox/wp-content/plugins/woo-smart-quick-view/assets/libs/feather/feather380f.css]
[7oroof.com/tfdemos/trevox/wp-content/plugins/woo-smart-wishlist/assets/css/icons341d.css]
[7oroof.com/tfdemos/trevox/wp-content/plugins/wpc-badge-management-premium/assets/css/hint380f.css]
[7oroof.com/tfdemos/trevox/wp-content/plugins/wpc-countdown-timer/assets/libs/flipper/style7c45.css]
[7oroof.com/tfdemos/trevox/wp-content/plugins/wpc-countdown-timer/assets/css/frontend7c45.css]
[7oroof.com/tfdemos/trevox/wp-content/plugins/wpc-badge-management-premium/assets/css/stylea305.css]
[7oroof.com/tfdemos/trevox/wp-content/plugins/wpc-product-size-chart/assets/css/frontende1fc.css]
[7oroof.com/tfdemos/trevox/wp-content/plugins/wpc-variation-swatches/assets/css/frontendfa0c.css]
[7oroof.com/tfdemos/trevox/wp-content/uploads/elementor/css/custom-frontendd52d.css]
[7oroof.com/tfdemos/trevox/wp-content/themes/trevox/assets/css/themef269.css]
[7oroof.com/tfdemos/trevox/wp-content/themes/trevox/assets/fonts/font-cmsi/stylef269.css]
[7oroof.com/tfdemos/trevox/wp-content/themes/trevox/assets/fonts/font-theme/stylef269.css]
[7oroof.com/tfdemos/trevox/wp-content/plugins/elementor/assets/lib/swiper/v8/css/swiper94a4.css]
[7oroof.com/tfdemos/trevox/wp-content/uploads/elementor/css/post-8d52d.css]
[7oroof.com/tfdemos/trevox/wp-content/uploads/elementor/css/post-650cb4.css]
[7oroof.com/tfdemos/trevox/wp-content/plugins/wpc-smart-messages/assets/libs/simple-text-rotator/simpletextrotator380f.css]
[7oroof.com/tfdemos/trevox/wp-includes/js/jquery/jquery-migrate5589.js]
[7oroof.com/tfdemos/trevox/wp-includes/js/jquery/jqueryf43b.js]
[7oroof.com/tfdemos/trevox/wp-content/plugins/csh-login/assets/js/jquery.validate380f.js]
[7oroof.com/tfdemos/trevox/wp-content/plugins/csh-login/assets/js/widget-script380f.js]
[7oroof.com/tfdemos/trevox/wp-content/plugins/elementor-theme-core/assets/js/main8a54.js]
[7oroof.com/tfdemos/trevox/wp-content/plugins/woocommerce/assets/js/jquery-blockui/jquery.blockUIc854.js]
[7oroof.com/tfdemos/trevox/wp-content/plugins/woocommerce/assets/js/frontend/add-to-cartc484.js]
[7oroof.com/tfdemos/trevox/wp-content/plugins/woocommerce/assets/js/js-cookie/js.cookie8730.js]
[7oroof.com/tfdemos/trevox/wp-content/plugins/woocommerce/assets/js/frontend/woocommercec484.js]
[7oroof.com/tfdemos/trevox/wp-content/plugins/translatepress-multilingual/assets/js/trp-frontend-compatibility206d.js]
[7oroof.com/tfdemos/trevox/wp-includes/js/underscore.mind584.js]
[7oroof.com/tfdemos/trevox/wp-includes/js/wp-util380f.js]
[7oroof.com/tfdemos/trevox/wp-content/plugins/wpc-variation-swatches/assets/libs/tippy/popper.minfa0c.js]
[7oroof.com/tfdemos/trevox/wp-content/plugins/wpc-variation-swatches/assets/libs/tippy/tippy-bundle.umd.minfa0c.js]
[7oroof.com/tfdemos/trevox/wp-content/uploads/cropped-logo-mobile-32x32.png]
[7oroof.com/tfdemos/trevox/wp-content/uploads/cropped-logo-mobile-192x192.png]
[7oroof.com/tfdemos/trevox/wp-content/uploads/cropped-logo-mobile-180x180.png]
[7oroof.com/tfdemos/trevox/wp-content/uploads/Flag_of_Europe.png]
[7oroof.com/tfdemos/trevox/wp-content/themes/trevox/assets/images/language-flags/ar.png]
[7oroof.com/tfdemos/trevox/wp-content/themes/trevox/assets/images/logo/logo.png]
[7oroof.com/tfdemos/trevox/wp-content/themes/trevox/assets/images/logo/logo-mobile.png]
[7oroof.com/tfdemos/trevox/wp-content/uploads/elementor/thumbs/Visa-Card-qme23iyt1gubsuzutnl8pf5r9q1mhi2c0ug5ij029c.png]
[7oroof.com/tfdemos/trevox/home-creative/indexf754.html]
[7oroof.com/tfdemos/trevox/wp-content/uploads/elementor/thumbs/Master-Card-qme23iyt1gubsuzutnl8pf5r9q1mhi2c0ug5ij029c.png]
[7oroof.com/tfdemos/trevox/home-creative/indexaf03.html]
[7oroof.com/tfdemos/trevox/wp-content/uploads/elementor/thumbs/American-Express-qme23iyt1gubsuzutnl8pf5r9q1mhi2c0ug5ij029c.png]
[7oroof.com/tfdemos/trevox/home-creative/index700a.html]
[7oroof.com/tfdemos/trevox/wp-content/uploads/elementor/thumbs/Dinner-Club-qme23iyt1gubsuzutnl8pf5r9q1mhi2c0ug5ij029c.png]
[7oroof.com/tfdemos/trevox/home-creative/indexf4d9.html]
[7oroof.com/tfdemos/trevox/wp-content/uploads/elementor/thumbs/Discover-qme23iyt1gubsuzutnl8pf5r9q1mhi2c0ug5ij029c.png]
[7oroof.com/tfdemos/trevox/home-creative/indexee06.html]
[7oroof.com/tfdemos/trevox/home-creative/index4697.html]
[www.google.com/recaptcha/api.js]
[7oroof.com/tfdemos/trevox/home-creative/indexbc13.html]
[7oroof.com/tfdemos/trevox/home-creative/index84f3.html]
[7oroof.com/tfdemos/trevox/wp-content/plugins/woocommerce/assets/client/blocks/wc-blocks6333.css]
[7oroof.com/tfdemos/trevox/home-creative/indexfaa8.html]
[7oroof.com/tfdemos/trevox/wp-content/plugins/woocommerce-currency-switcher/css/front8fa9.css]
[7oroof.com/tfdemos/trevox/wp-content/uploads/elementor/css/post-42983aa.css]
[7oroof.com/tfdemos/trevox/home-creative/index455f.html]
[7oroof.com/tfdemos/trevox/wp-content/uploads/elementor/css/post-6138853.css]
[7oroof.com/tfdemos/trevox/wp-content/uploads/elementor/css/post-6178853.css]
[7oroof.com/tfdemos/trevox/home-creative/indexc0bc.html]
[7oroof.com/tfdemos/trevox/wp-content/uploads/elementor/css/post-622dfe7.css]
[7oroof.com/tfdemos/trevox/home-creative/indexa1f5.html]
[7oroof.com/tfdemos/trevox/wp-content/uploads/elementor/css/post-52960a.css]
[7oroof.com/tfdemos/trevox/home-creative/index7f35.html]
[7oroof.com/tfdemos/trevox/home-creative/index5f99.html]
[7oroof.com/tfdemos/trevox/wp-content/plugins/elementor/assets/lib/animations/animations.min1f75.css]
[7oroof.com/tfdemos/trevox/wp-content/plugins/contact-form-7/includes/swv/js/index7404.js]
[7oroof.com/tfdemos/trevox/home-creative/index357e.html]
[7oroof.com/tfdemos/trevox/wp-content/plugins/contact-form-7/includes/js/index7404.js]
[7oroof.com/tfdemos/trevox/home-creative/indexb133.html]
[7oroof.com/tfdemos/trevox/wp-content/plugins/woocommerce/assets/js/sourcebuster/sourcebusterc484.js]
[7oroof.com/tfdemos/trevox/home-creative/indexa04d.html]
[7oroof.com/tfdemos/trevox/wp-content/plugins/woocommerce/assets/js/frontend/order-attributionc484.js]
[7oroof.com/tfdemos/trevox/home-creative/index274e.html]
[7oroof.com/tfdemos/trevox/wp-content/plugins/woocommerce/assets/js/frontend/add-to-cart-variationc484.js]
[7oroof.com/tfdemos/trevox/wp-content/plugins/woo-smart-quick-view/assets/libs/slick/slick.minfa0c.js]
[7oroof.com/tfdemos/trevox/home-creative/index3068.html]
[7oroof.com/tfdemos/trevox/wp-content/plugins/woo-smart-quick-view/assets/libs/perfect-scrollbar/js/perfect-scrollbar.jquery.minfa0c.js]
[7oroof.com/tfdemos/trevox/wp-content/plugins/woo-smart-quick-view/assets/libs/magnific-popup/jquery.magnific-popup.minfa0c.js]
[7oroof.com/tfdemos/trevox/home-creative/indexb467.html]
[7oroof.com/tfdemos/trevox/wp-content/plugins/woo-smart-quick-view/assets/js/frontendfa0c.js]
[7oroof.com/tfdemos/trevox/home-creative/index56b3.html]
[7oroof.com/tfdemos/trevox/wp-content/plugins/woo-smart-wishlist/assets/js/frontend341d.js]
[7oroof.com/tfdemos/trevox/home-creative/index6f15.html]
[7oroof.com/tfdemos/trevox/home-creative/indexe8b4.html]
[7oroof.com/tfdemos/trevox/wp-includes/js/dist/vendor/moment1bc8.js]
[7oroof.com/tfdemos/trevox/home-creative/indexaaba.html]
[7oroof.com/tfdemos/trevox/wp-content/plugins/wpc-countdown-timer/assets/libs/moment-timezone/moment-timezone-with-data7c45.js]
[7oroof.com/tfdemos/trevox/home-creative/indexf7e0.html]
[7oroof.com/tfdemos/trevox/wp-content/plugins/wpc-countdown-timer/assets/libs/jquery.countdown/jquery.countdown_zp7c45.js]
[7oroof.com/tfdemos/trevox/wp-content/plugins/wpc-countdown-timer/assets/libs/flipper/jquery.flipper-responsive7c45.js]
[7oroof.com/tfdemos/trevox/home-creative/indexf349.html]
[7oroof.com/tfdemos/trevox/home-creative/page/2/index.html]
[7oroof.com/tfdemos/trevox/wp-content/plugins/wpc-countdown-timer/assets/js/frontend7c45.js]
[7oroof.com/tfdemos/trevox/wp-content/plugins/wpc-variation-swatches/assets/js/frontendfa0c.js]
[7oroof.com/tfdemos/trevox/wp-content/plugins/wpc-product-size-chart/assets/js/frontende1fc.js]
[7oroof.com/tfdemos/trevox/wp-content/themes/trevox/assets/js/mainf269.js]
[7oroof.com/tfdemos/trevox/wp-content/themes/trevox/elementor/js/elementor-customf269.js]
[7oroof.com/tfdemos/trevox/wp-content/themes/trevox/elementor/js/parallax-scroll/jquery.parallax-scrollf269.js]
[7oroof.com/tfdemos/trevox/wp-content/plugins/wpc-smart-messages/assets/libs/simple-text-rotator/jquery.simple-text-rotator3cbe.js]
[7oroof.com/tfdemos/trevox/wp-content/plugins/wpc-smart-messages/assets/js/frontend3cbe.js]
[7oroof.com/tfdemos/trevox/wp-includes/js/jquery/ui/core3f14.js]
[7oroof.com/tfdemos/trevox/wp-includes/js/jquery/ui/mouse3f14.js]
[7oroof.com/tfdemos/trevox/wp-includes/js/jquery/ui/slider3f14.js]
[7oroof.com/tfdemos/trevox/wp-content/plugins/woocommerce/assets/js/jquery-ui-touch-punch/jquery-ui-touch-punchc484.js]
[7oroof.com/tfdemos/trevox/wp-content/plugins/woocommerce-currency-switcher/js/real-active-filters8fa9.js]
[7oroof.com/tfdemos/trevox/wp-content/plugins/woocommerce-currency-switcher/js/price-slider_338fa9.js]
[7oroof.com/tfdemos/trevox/wp-content/plugins/woocommerce-currency-switcher/js/real-price-filter-frontend8fa9.js]
[7oroof.com/tfdemos/trevox/wp-content/plugins/woocommerce-currency-switcher/js/jquery.ddslick.min8fa9.js]
[7oroof.com/tfdemos/trevox/wp-content/plugins/woocommerce-currency-switcher/js/front8fa9.js]
[7oroof.com/tfdemos/trevox/wp-content/themes/trevox/elementor/js/cms-post-carousel-widgetf269.js]
[7oroof.com/tfdemos/trevox/wp-content/plugins/elementor/assets/lib/jquery-numerator/jquery-numerator3958.js]
[7oroof.com/tfdemos/trevox/wp-includes/js/imagesloaded.minbb93.js]
[7oroof.com/tfdemos/trevox/wp-content/plugins/elementor-theme-core/assets/js/lib/isotope.pkgd.min8d18.js]
[7oroof.com/tfdemos/trevox/wp-content/themes/trevox/elementor/js/cms-post-grid-widgetf269.js]
[7oroof.com/tfdemos/trevox/wp-content/themes/trevox/elementor/js/cms-galleriesf269.js]
[7oroof.com/tfdemos/trevox/wp-content/plugins/elementor/assets/js/webpack.runtime1f75.js]
[7oroof.com/tfdemos/trevox/wp-content/plugins/elementor/assets/js/frontend-modules1f75.js]
[7oroof.com/tfdemos/trevox/wp-content/plugins/elementor/assets/lib/waypoints/waypoints05da.js]
[7oroof.com/tfdemos/trevox/home-creative/index.html]
[7oroof.com/tfdemos/trevox/wp-content/plugins/contact-form-7/includes/css/styles7404.css]
[7oroof.com/tfdemos/trevox/wp-content/plugins/elementor/assets/lib/font-awesome/css/font-awesome1849.css]
[7oroof.com/tfdemos/trevox/wp-content/plugins/woo-smart-quick-view/assets/libs/slick/slick380f.css]
[7oroof.com/tfdemos/trevox/wp-content/plugins/woo-smart-quick-view/assets/libs/perfect-scrollbar/css/perfect-scrollbar.min380f.css]
[7oroof.com/tfdemos/trevox/wp-content/plugins/woo-smart-quick-view/assets/libs/perfect-scrollbar/css/custom-theme380f.css]
[7oroof.com/tfdemos/trevox/wp-content/plugins/woo-smart-quick-view/assets/libs/magnific-popup/magnific-popup380f.css]
[7oroof.com/tfdemos/trevox/wp-content/plugins/elementor/assets/js/frontend1f75.js]
[7oroof.com/tfdemos/trevox/wp-content/plugins/woo-smart-quick-view/assets/libs/feather/fonts/feather.woff]
[7oroof.com/tfdemos/trevox/wp-content/plugins/woo-smart-quick-view/assets/libs/feather/fonts/feather.eot]
[7oroof.com/tfdemos/trevox/wp-content/plugins/woo-smart-quick-view/assets/libs/feather/fonts/feather.ttf]
[7oroof.com/tfdemos/trevox/wp-content/plugins/woo-smart-quick-view/assets/libs/feather/feather380f.css]
[7oroof.com/tfdemos/trevox/wp-content/plugins/woo-smart-wishlist/assets/css/icons341d.css]
[7oroof.com/tfdemos/trevox/wp-content/plugins/wpc-badge-management-premium/assets/css/hint380f.css]
[7oroof.com/tfdemos/trevox/wp-content/plugins/wpc-badge-management-premium/assets/css/stylea305.css]
[7oroof.com/tfdemos/trevox/wp-content/plugins/wpc-countdown-timer/assets/libs/flipper/style7c45.css]
[7oroof.com/tfdemos/trevox/wp-content/plugins/wpc-countdown-timer/assets/css/frontend7c45.css]
[7oroof.com/tfdemos/trevox/wp-content/plugins/wpc-product-size-chart/assets/css/frontende1fc.css]
[7oroof.com/tfdemos/trevox/wp-content/plugins/wpc-variation-swatches/assets/css/frontendfa0c.css]
[7oroof.com/tfdemos/trevox/wp-content/uploads/elementor/css/custom-frontendd52d.css]
[7oroof.com/tfdemos/trevox/wp-content/plugins/woo-smart-quick-view/assets/libs/feather/fonts/feather.svg]
[7oroof.com/tfdemos/trevox/wp-content/themes/trevox/assets/images/pointer-mouse-black.png]
[7oroof.com/tfdemos/trevox/wp-content/themes/trevox/assets/images/pointer-mouse-white.png]
[7oroof.com/tfdemos/trevox/wp-content/themes/trevox/assets/images/pointer-close-black.png]
[7oroof.com/tfdemos/trevox/wp-content/themes/trevox/assets/images/pointer-close-white.png]
[7oroof.com/tfdemos/trevox/wp-content/themes/trevox/assets/images/pointer-play-video-white.png]
[7oroof.com/tfdemos/trevox/wp-content/themes/trevox/assets/images/pointer-play-video-black.png]
[7oroof.com/tfdemos/trevox/wp-content/themes/trevox/assets/images/select-arrow.png]
[7oroof.com/tfdemos/trevox/wp-content/themes/trevox/assets/css/themef269.css]
[7oroof.com/tfdemos/trevox/wp-content/themes/trevox/assets/fonts/font-cmsi/fonts/cmsi1d5f.eot]
[7oroof.com/tfdemos/trevox/wp-content/themes/trevox/assets/fonts/font-cmsi/fonts/cmsi1d5f.ttf]
[7oroof.com/tfdemos/trevox/wp-content/themes/trevox/assets/fonts/font-cmsi/fonts/cmsi1d5f.woff]
[7oroof.com/tfdemos/trevox/wp-content/themes/trevox/assets/fonts/font-cmsi/stylef269.css]
[7oroof.com/tfdemos/trevox/wp-content/themes/trevox/assets/fonts/font-cmsi/fonts/cmsi1d5f.svg]
[7oroof.com/tfdemos/trevox/wp-content/themes/trevox/assets/fonts/font-theme/fonts/Trevox2f5f.eot]
[7oroof.com/tfdemos/trevox/wp-content/themes/trevox/assets/fonts/font-theme/fonts/Trevox2f5f.ttf]
[7oroof.com/tfdemos/trevox/wp-content/themes/trevox/assets/fonts/font-theme/fonts/Trevox2f5f.woff]
[7oroof.com/tfdemos/trevox/wp-content/themes/trevox/assets/fonts/font-theme/stylef269.css]
[7oroof.com/tfdemos/trevox/wp-content/plugins/elementor/assets/lib/swiper/v8/css/swiper94a4.css]
[7oroof.com/tfdemos/trevox/wp-content/uploads/elementor/css/post-8d52d.css]
[7oroof.com/tfdemos/trevox/wp-content/uploads/elementor/css/post-650cb4.css]
[7oroof.com/tfdemos/trevox/wp-content/plugins/wpc-smart-messages/assets/libs/simple-text-rotator/simpletextrotator380f.css]
[7oroof.com/tfdemos/trevox/wp-content/plugins/wpc-smart-messages/assets/css/frontend380f.css]
[7oroof.com/tfdemos/trevox/home-creative/indexc071.html]
[7oroof.com/tfdemos/trevox/home-creative/indexf754.html]
[7oroof.com/tfdemos/trevox/home-creative/index3969.html]
[7oroof.com/tfdemos/trevox/home-creative/indexaf03.html]
[7oroof.com/tfdemos/trevox/wp-content/themes/trevox/assets/fonts/font-theme/fonts/Trevox2f5f.svg]
[7oroof.com/tfdemos/trevox/home-creative/index700a.html]
[7oroof.com/tfdemos/trevox/home-creative/index07a6.html]
[7oroof.com/tfdemos/trevox/home-creative/indexf4d9.html]
[7oroof.com/tfdemos/trevox/home-creative/indexee06.html]
[7oroof.com/tfdemos/trevox/home-creative/index16dc.html]
[7oroof.com/tfdemos/trevox/home-creative/index4697.html]
[7oroof.com/tfdemos/trevox/home-creative/page/2/indexf754.html]
[7oroof.com/tfdemos/trevox/home-creative/index84f3.html]
[7oroof.com/tfdemos/trevox/home-creative/index6a7b.html]
[7oroof.com/tfdemos/trevox/home-creative/indexbc13.html]
[7oroof.com/tfdemos/trevox/home-creative/page/2/indexf4d9.html]
[7oroof.com/tfdemos/trevox/home-creative/indexfaa8.html]
[7oroof.com/tfdemos/trevox/home-creative/index53b5.html]
[7oroof.com/tfdemos/trevox/home-creative/index455f.html]
[7oroof.com/tfdemos/trevox/home-creative/page/2/indexaf03.html]
[7oroof.com/tfdemos/trevox/home-creative/index4e10.html]
[7oroof.com/tfdemos/trevox/home-creative/indexc0bc.html]
[7oroof.com/tfdemos/trevox/home-creative/page/2/index4697.html]
[7oroof.com/tfdemos/trevox/home-creative/indexa1f5.html]
[7oroof.com/tfdemos/trevox/home-creative/index6f1b.html]
[7oroof.com/tfdemos/trevox/home-creative/index7f35.html]
[7oroof.com/tfdemos/trevox/home-creative/page/2/indexbc13.html]
[7oroof.com/tfdemos/trevox/home-creative/index5f99.html]
[7oroof.com/tfdemos/trevox/home-creative/indexe64b.html]
[7oroof.com/tfdemos/trevox/home-creative/index357e.html]
[7oroof.com/tfdemos/trevox/home-creative/page/2/index455f.html]
[7oroof.com/tfdemos/trevox/home-creative/indexb133.html]
[7oroof.com/tfdemos/trevox/home-creative/index8d09.html]
[7oroof.com/tfdemos/trevox/home-creative/indexa04d.html]
[7oroof.com/tfdemos/trevox/home-creative/page/2/indexc0bc.html]
[7oroof.com/tfdemos/trevox/home-creative/index274e.html]
[7oroof.com/tfdemos/trevox/home-creative/indexfe17.html]
[7oroof.com/tfdemos/trevox/home-creative/index3068.html]
[7oroof.com/tfdemos/trevox/home-creative/page/2/index7f35.html]
[7oroof.com/tfdemos/trevox/home-creative/index07b8.html]
[7oroof.com/tfdemos/trevox/home-creative/indexb467.html]
[7oroof.com/tfdemos/trevox/home-creative/page/2/index357e.html]
[7oroof.com/tfdemos/trevox/home-creative/index6f15.html]
[7oroof.com/tfdemos/trevox/home-creative/index4b09.html]
[7oroof.com/tfdemos/trevox/home-creative/index56b3.html]
[7oroof.com/tfdemos/trevox/home-creative/page/2/indexa04d.html]
[7oroof.com/tfdemos/trevox/home-creative/page/2/index3068.html]
[7oroof.com/tfdemos/trevox/home-creative/indexe8b4.html]
[7oroof.com/tfdemos/trevox/home-creative/indexb286.html]
[7oroof.com/tfdemos/trevox/home-creative/indexf7e0.html]
[7oroof.com/tfdemos/trevox/home-creative/indexaaba.html]
[7oroof.com/tfdemos/trevox/home-creative/indexab60.html]
[7oroof.com/tfdemos/trevox/home-creative/page/2/indexb467.html]
[7oroof.com/tfdemos/trevox/home-creative/indexf349.html]
[7oroof.com/tfdemos/trevox/home-creative/page/2/index.html]
[7oroof.com/tfdemos/trevox/home-creative/page/2/index56b3.html]
[7oroof.com/tfdemos/trevox/home-creative/page/2/indexf7e0.html]
[7oroof.com/tfdemos/trevox/wp-content/plugins/woocommerce/assets/client/blocks/wc-blocks6333.css]
[7oroof.com/tfdemos/trevox/home-creative/page/2/indexf349.html]
[7oroof.com/tfdemos/trevox/home-creative/page/2/index700a.html]
[7oroof.com/tfdemos/trevox/wp-content/plugins/woocommerce-currency-switcher/img/woocs_price_info_icon.png]
[7oroof.com/tfdemos/trevox/wp-content/plugins/woocommerce-currency-switcher/css/front8fa9.css]
[7oroof.com/tfdemos/trevox/wp-content/uploads/elementor/css/post-42983aa.css]
[7oroof.com/tfdemos/trevox/home-creative/page/2/indexee06.html]
[7oroof.com/tfdemos/trevox/home-creative/page/2/index84f3.html]
[7oroof.com/tfdemos/trevox/wp-content/uploads/elementor/css/post-6138853.css]
[7oroof.com/tfdemos/trevox/home-creative/page/2/indexfaa8.html]
[7oroof.com/tfdemos/trevox/wp-content/uploads/elementor/css/post-6178853.css]
[7oroof.com/tfdemos/trevox/wp-content/uploads/elementor/css/post-622dfe7.css]
[7oroof.com/tfdemos/trevox/home-creative/page/2/indexa1f5.html]
[7oroof.com/tfdemos/trevox/wp-content/uploads/elementor/css/post-52960a.css]
[7oroof.com/tfdemos/trevox/home-creative/page/2/index5f99.html]
[7oroof.com/tfdemos/trevox/wp-content/themes/trevox/pl_templates/csh-login/layouts/layout1/layout1380f.css]
[7oroof.com/tfdemos/trevox/home-creative/page/2/indexb133.html]
[7oroof.com/tfdemos/trevox/wp-content/plugins/elementor/assets/lib/animations/animations.min1f75.css]
[7oroof.com/tfdemos/trevox/home-creative/page/2/index274e.html]
[7oroof.com/tfdemos/trevox/wp-content/plugins/woo-smart-quick-view/assets/libs/feather/fonts/feather.svg]
[7oroof.com/tfdemos/trevox/wp-content/themes/trevox/assets/images/pointer-mouse-black.html]
[7oroof.com/tfdemos/trevox/home-creative/page/2/index6f15.html]
[7oroof.com/tfdemos/trevox/wp-content/themes/trevox/assets/images/pointer-close-black.html]
[7oroof.com/tfdemos/trevox/wp-content/themes/trevox/assets/images/pointer-play-video-black.html]
[7oroof.com/tfdemos/trevox/home-creative/page/2/indexe8b4.html]
[7oroof.com/tfdemos/trevox/wp-content/themes/trevox/assets/fonts/font-cmsi/fonts/cmsi1d5f.svg]
[7oroof.com/tfdemos/trevox/wp-content/themes/trevox/assets/fonts/font-theme/fonts/Trevox2f5f.svg]
[7oroof.com/tfdemos/trevox/home-creative/page/2/indexf754.html]
[7oroof.com/tfdemos/trevox/home-creative/page/2/indexaaba.html]
[7oroof.com/tfdemos/trevox/home-creative/page/2/indexaf03.html]
[7oroof.com/tfdemos/trevox/home-creative/page/3/index.html]
[7oroof.com/tfdemos/trevox/home-creative/page/2/indexf4d9.html]
[7oroof.com/tfdemos/trevox/home-creative/page/2/index4697.html]
[7oroof.com/tfdemos/trevox/home-creative/page/3/indexf754.html]
[7oroof.com/tfdemos/trevox/home-creative/page/2/indexbc13.html]
[7oroof.com/tfdemos/trevox/home-creative/page/3/indexaf03.html]
[7oroof.com/tfdemos/trevox/home-creative/page/2/index455f.html]
[7oroof.com/tfdemos/trevox/home-creative/page/3/indexf4d9.html]
[7oroof.com/tfdemos/trevox/home-creative/page/3/index4697.html]
[7oroof.com/tfdemos/trevox/home-creative/page/2/indexc0bc.html]
[7oroof.com/tfdemos/trevox/home-creative/page/2/index7f35.html]
[7oroof.com/tfdemos/trevox/home-creative/page/3/indexbc13.html]
[7oroof.com/tfdemos/trevox/home-creative/page/2/index357e.html]
[7oroof.com/tfdemos/trevox/home-creative/page/3/index455f.html]
[7oroof.com/tfdemos/trevox/home-creative/page/2/indexa04d.html]
[7oroof.com/tfdemos/trevox/home-creative/page/3/indexc0bc.html]
[7oroof.com/tfdemos/trevox/home-creative/page/2/index3068.html]
[7oroof.com/tfdemos/trevox/home-creative/page/3/index7f35.html]
[7oroof.com/tfdemos/trevox/home-creative/page/2/indexb467.html]
[7oroof.com/tfdemos/trevox/home-creative/page/3/index357e.html]
[7oroof.com/tfdemos/trevox/home-creative/page/2/index56b3.html]
[7oroof.com/tfdemos/trevox/home-creative/page/3/indexa04d.html]
[7oroof.com/tfdemos/trevox/home-creative/page/2/indexf7e0.html]
[7oroof.com/tfdemos/trevox/home-creative/page/3/index3068.html]
[7oroof.com/tfdemos/trevox/home-creative/page/2/indexf349.html]
[7oroof.com/tfdemos/trevox/home-creative/page/3/indexb467.html]
[7oroof.com/tfdemos/trevox/home-creative/page/2/indexc071.html]
[7oroof.com/tfdemos/trevox/home-creative/page/2/index3969.html]
[7oroof.com/tfdemos/trevox/home-creative/page/2/index700a.html]
[7oroof.com/tfdemos/trevox/home-creative/page/2/index07a6.html]
[7oroof.com/tfdemos/trevox/home-creative/page/2/indexee06.html]
[7oroof.com/tfdemos/trevox/home-creative/page/2/index16dc.html]
[7oroof.com/tfdemos/trevox/home-creative/page/2/index84f3.html]
[7oroof.com/tfdemos/trevox/home-creative/page/2/index6a7b.html]
[7oroof.com/tfdemos/trevox/home-creative/page/2/indexfaa8.html]
[7oroof.com/tfdemos/trevox/home-creative/page/2/index53b5.html]
[7oroof.com/tfdemos/trevox/home-creative/page/2/index4e10.html]
[7oroof.com/tfdemos/trevox/home-creative/page/2/indexa1f5.html]
[7oroof.com/tfdemos/trevox/home-creative/page/2/index6f1b.html]
[7oroof.com/tfdemos/trevox/home-creative/page/2/index5f99.html]
[7oroof.com/tfdemos/trevox/home-creative/page/2/indexe64b.html]
[7oroof.com/tfdemos/trevox/home-creative/page/3/index56b3.html]
[7oroof.com/tfdemos/trevox/home-creative/page/2/indexb133.html]
[7oroof.com/tfdemos/trevox/home-creative/page/2/index8d09.html]
[7oroof.com/tfdemos/trevox/home-creative/page/2/index274e.html]
[7oroof.com/tfdemos/trevox/home-creative/page/2/indexfe17.html]
[7oroof.com/tfdemos/trevox/home-creative/page/2/index07b8.html]
[7oroof.com/tfdemos/trevox/home-creative/page/3/indexf7e0.html]
[7oroof.com/tfdemos/trevox/home-creative/page/2/index6f15.html]
[7oroof.com/tfdemos/trevox/home-creative/page/2/index4b09.html]
[7oroof.com/tfdemos/trevox/home-creative/page/2/indexe8b4.html]
[7oroof.com/tfdemos/trevox/home-creative/page/2/indexb286.html]
[7oroof.com/tfdemos/trevox/home-creative/page/2/indexaaba.html]
[7oroof.com/tfdemos/trevox/home-creative/page/2/indexab60.html]
[7oroof.com/tfdemos/trevox/home-creative/page/3/index.html]
[7oroof.com/tfdemos/trevox/home-creative/page/3/indexf754.html]
[7oroof.com/tfdemos/trevox/home-creative/page/3/indexf349.html]
[7oroof.com/tfdemos/trevox/home-creative/page/3/index700a.html]
[7oroof.com/tfdemos/trevox/home-creative/page/3/indexaf03.html]
[7oroof.com/tfdemos/trevox/home-creative/page/3/indexf4d9.html]
[7oroof.com/tfdemos/trevox/home-creative/page/3/indexee06.html]
[7oroof.com/tfdemos/trevox/home-creative/page/3/index4697.html]
[7oroof.com/tfdemos/trevox/home-creative/page/3/index84f3.html]
[7oroof.com/tfdemos/trevox/home-creative/page/3/indexbc13.html]
[7oroof.com/tfdemos/trevox/home-creative/page/3/indexfaa8.html]
[7oroof.com/tfdemos/trevox/home-creative/page/3/index455f.html]
[7oroof.com/tfdemos/trevox/home-creative/page/3/indexa1f5.html]
[7oroof.com/tfdemos/trevox/home-creative/page/3/indexc0bc.html]
[7oroof.com/tfdemos/trevox/home-creative/page/3/index5f99.html]
[7oroof.com/tfdemos/trevox/home-creative/page/3/index7f35.html]
[7oroof.com/tfdemos/trevox/home-creative/page/3/indexb133.html]
[7oroof.com/tfdemos/trevox/home-creative/page/3/index357e.html]
[7oroof.com/tfdemos/trevox/home-creative/page/3/index274e.html]
[7oroof.com/tfdemos/trevox/home-creative/page/3/indexa04d.html]
[7oroof.com/tfdemos/trevox/home-creative/page/3/index6f15.html]
[7oroof.com/tfdemos/trevox/home-creative/page/3/indexe8b4.html]
[7oroof.com/tfdemos/trevox/home-creative/page/3/index3068.html]
[7oroof.com/tfdemos/trevox/home-creative/page/3/indexb467.html]
[7oroof.com/tfdemos/trevox/home-creative/page/3/index56b3.html]
[7oroof.com/tfdemos/trevox/home-creative/page/3/indexf7e0.html]
[7oroof.com/tfdemos/trevox/home-creative/page/3/indexf349.html]
[7oroof.com/tfdemos/trevox/home-creative/page/3/indexc071.html]
[7oroof.com/tfdemos/trevox/home-creative/page/3/index3969.html]
[7oroof.com/tfdemos/trevox/home-creative/page/3/index700a.html]
[7oroof.com/tfdemos/trevox/home-creative/page/3/index07a6.html]
[7oroof.com/tfdemos/trevox/home-creative/page/3/indexee06.html]
[7oroof.com/tfdemos/trevox/home-creative/page/3/index16dc.html]
[7oroof.com/tfdemos/trevox/home-creative/page/3/index84f3.html]
[7oroof.com/tfdemos/trevox/home-creative/page/3/index6a7b.html]
[7oroof.com/tfdemos/trevox/home-creative/page/3/indexfaa8.html]
[7oroof.com/tfdemos/trevox/home-creative/page/3/index53b5.html]
[7oroof.com/tfdemos/trevox/home-creative/page/3/index4e10.html]
[7oroof.com/tfdemos/trevox/home-creative/page/3/indexaaba.html]
[7oroof.com/tfdemos/trevox/home-creative/page/3/indexa1f5.html]
[7oroof.com/tfdemos/trevox/home-creative/page/3/index6f1b.html]
[7oroof.com/tfdemos/trevox/home-creative/page/3/index5f99.html]
[7oroof.com/tfdemos/trevox/home-creative/page/3/indexe64b.html]
[7oroof.com/tfdemos/trevox/home-creative/page/3/indexb133.html]
[7oroof.com/tfdemos/trevox/home-creative/page/3/index8d09.html]
[7oroof.com/tfdemos/trevox/home-creative/page/3/index274e.html]
[7oroof.com/tfdemos/trevox/home-creative/page/3/indexfe17.html]
[7oroof.com/tfdemos/trevox/home-creative/page/3/index07b8.html]
[7oroof.com/tfdemos/trevox/home-creative/page/3/index6f15.html]
[7oroof.com/tfdemos/trevox/home-creative/page/3/index4b09.html]
[7oroof.com/tfdemos/trevox/home-creative/page/3/indexe8b4.html]
[7oroof.com/tfdemos/trevox/home-creative/page/3/indexb286.html]
[7oroof.com/tfdemos/trevox/home-creative/page/3/indexaaba.html]
[7oroof.com/tfdemos/trevox/home-creative/page/3/indexab60.html]
